<?xml version="1.0" encoding="UTF-8"?>
<testsuite name="CategoryTest" tests="4" skipped="0" failures="0" errors="0" timestamp="2015-08-31T18:55:38" hostname="epicodus-105.local" time="0.047">
  <properties/>
  <testcase name="equals_returnsTrueIfNamesAretheSame" classname="CategoryTest" time="0.005"/>
  <testcase name="all_emptyAtFirst" classname="CategoryTest" time="0.009"/>
  <testcase name="find_findCategoryInDatabase_true" classname="CategoryTest" time="0.018"/>
  <testcase name="save_savesIntoDatabase_true" classname="CategoryTest" time="0.015"/>
  <system-out><![CDATA[]]></system-out>
  <system-err><![CDATA[]]></system-err>
</testsuite>
